[debug] [2022-10-28T17:16:32.258Z] ----------------------------------------------------------------------
[debug] [2022-10-28T17:16:32.260Z] Command:       /usr/local/bin/node /usr/local/bin/firebase emulators:start
[debug] [2022-10-28T17:16:32.260Z] CLI Version:   11.15.0
[debug] [2022-10-28T17:16:32.260Z] Platform:      darwin
[debug] [2022-10-28T17:16:32.260Z] Node Version:  v16.15.1
[debug] [2022-10-28T17:16:32.261Z] Time:          Fri Oct 28 2022 18:16:32 GMT+0100 (British Summer Time)
[debug] [2022-10-28T17:16:32.261Z] ----------------------------------------------------------------------
[debug] 
[debug] [2022-10-28T17:16:32.264Z] >>> [apiv2][query] GET https://firebase-public.firebaseio.com/cli.json [none]
[debug] [2022-10-28T17:16:32.330Z] > command requires scopes: ["email","openid","https://www.googleapis.com/auth/cloudplatformprojects.readonly","https://www.googleapis.com/auth/firebase","https://www.googleapis.com/auth/cloud-platform"]
[debug] [2022-10-28T17:16:32.330Z] > authorizing via signed-in user (jjhardwicke11@gmail.com)
[info] i  emulators: Starting emulators: functions, hosting {"metadata":{"emulator":{"name":"hub"},"message":"Starting emulators: functions, hosting"}}
[debug] [2022-10-28T17:16:33.043Z] [logging] Logging Emulator only supports listening on one address (127.0.0.1). Not listening on ::1
[warn] ⚠  hosting: Hosting Emulator unable to start on port 5000, starting on 5002 instead. {"metadata":{"emulator":{"name":"hosting"},"message":"Hosting Emulator unable to start on port 5000, starting on 5002 instead."}}
[debug] [2022-10-28T17:16:33.044Z] [hosting] Hosting Emulator only supports listening on one address (127.0.0.1). Not listening on ::1
[debug] [2022-10-28T17:16:33.044Z] assigned listening specs for emulators {"user":{"hub":[{"address":"127.0.0.1","family":"IPv4","port":4400},{"address":"::1","family":"IPv6","port":4400}],"ui":[{"address":"127.0.0.1","family":"IPv4","port":4000},{"address":"::1","family":"IPv6","port":4000}],"logging":[{"address":"127.0.0.1","family":"IPv4","port":4500}],"hosting":[{"address":"127.0.0.1","family":"IPv4","port":5002}]},"metadata":{"message":"assigned listening specs for emulators"}}
[debug] [2022-10-28T17:16:33.054Z] [hub] writing locator at /var/folders/5d/tz48d_l95fz0x203rqnp6x0c0000gn/T/hub-e-comm-site-jozebel.json
[debug] [2022-10-28T17:16:33.378Z] [functions] Functions Emulator only supports listening on one address (127.0.0.1). Not listening on ::1
[debug] [2022-10-28T17:16:33.379Z] [eventarc] Eventarc Emulator only supports listening on one address (127.0.0.1). Not listening on ::1
[debug] [2022-10-28T17:16:33.379Z] late-assigned ports for functions and eventarc emulators {"user":{"hub":[{"address":"127.0.0.1","family":"IPv4","port":4400},{"address":"::1","family":"IPv6","port":4400}],"ui":[{"address":"127.0.0.1","family":"IPv4","port":4000},{"address":"::1","family":"IPv6","port":4000}],"logging":[{"address":"127.0.0.1","family":"IPv4","port":4500}],"hosting":[{"address":"127.0.0.1","family":"IPv4","port":5002}],"functions":[{"address":"127.0.0.1","family":"IPv4","port":5001}],"eventarc":[{"address":"127.0.0.1","family":"IPv4","port":9299}]},"metadata":{"message":"late-assigned ports for functions and eventarc emulators"}}
[warn] ⚠  functions: The following emulators are not running, calls to these services from the Functions emulator will affect production: auth, firestore, database, pubsub, storage {"metadata":{"emulator":{"name":"functions"},"message":"The following emulators are not running, calls to these services from the Functions emulator will affect production: \u001b[1mauth, firestore, database, pubsub, storage\u001b[22m"}}
[info] ✔  functions: Using node@16 from host. {"metadata":{"emulator":{"name":"functions"},"message":"Using node@16 from host."}}
[debug] [2022-10-28T17:16:33.392Z] defaultcredentials: writing to file /Users/josephhardwicke/.config/firebase/jjhardwicke11_gmail_com_application_default_credentials.json
[debug] [2022-10-28T17:16:33.405Z] Setting GAC to /Users/josephhardwicke/.config/firebase/jjhardwicke11_gmail_com_application_default_credentials.json {"metadata":{"emulator":{"name":"functions"},"message":"Setting GAC to /Users/josephhardwicke/.config/firebase/jjhardwicke11_gmail_com_application_default_credentials.json"}}
[debug] [2022-10-28T17:16:33.406Z] > refreshing access token with scopes: []
[debug] [2022-10-28T17:16:33.407Z] >>> [apiv2][query] POST https://www.googleapis.com/oauth2/v3/token [none]
[debug] [2022-10-28T17:16:33.407Z] >>> [apiv2][body] POST https://www.googleapis.com/oauth2/v3/token [omitted]
[debug] [2022-10-28T17:16:33.483Z] <<< [apiv2][status] POST https://www.googleapis.com/oauth2/v3/token 200
[debug] [2022-10-28T17:16:33.483Z] <<< [apiv2][body] POST https://www.googleapis.com/oauth2/v3/token [omitted]
[debug] [2022-10-28T17:16:33.524Z] >>> [apiv2][query] GET https://firebase.googleapis.com/v1beta1/projects/e-comm-site-jozebel/adminSdkConfig [none]
[debug] [2022-10-28T17:16:33.526Z] <<< [apiv2][status] GET https://firebase-public.firebaseio.com/cli.json 200
[debug] [2022-10-28T17:16:33.526Z] <<< [apiv2][body] GET https://firebase-public.firebaseio.com/cli.json {"cloudBuildErrorAfter":1594252800000,"cloudBuildWarnAfter":1590019200000,"defaultNode10After":1594252800000,"minVersion":"3.0.5","node8DeploysDisabledAfter":1613390400000,"node8RuntimeDisabledAfter":1615809600000,"node8WarnAfter":1600128000000}
[debug] [2022-10-28T17:16:33.783Z] <<< [apiv2][status] GET https://firebase.googleapis.com/v1beta1/projects/e-comm-site-jozebel/adminSdkConfig 200
[debug] [2022-10-28T17:16:33.783Z] <<< [apiv2][body] GET https://firebase.googleapis.com/v1beta1/projects/e-comm-site-jozebel/adminSdkConfig {"projectId":"e-comm-site-jozebel","storageBucket":"e-comm-site-jozebel.appspot.com","locationId":"europe-west"}
[debug] [2022-10-28T17:16:33.814Z] >>> [apiv2][query] GET https://firebasehosting.googleapis.com/v1beta1/projects/e-comm-site-jozebel/sites 
[debug] [2022-10-28T17:16:34.649Z] <<< [apiv2][status] GET https://firebasehosting.googleapis.com/v1beta1/projects/e-comm-site-jozebel/sites 200
[debug] [2022-10-28T17:16:34.649Z] <<< [apiv2][body] GET https://firebasehosting.googleapis.com/v1beta1/projects/e-comm-site-jozebel/sites {"sites":[{"name":"projects/e-comm-site-jozebel/sites/e-comm-site-jozebel","defaultUrl":"https://e-comm-site-jozebel.web.app","appId":"1:128249955523:web:75a55a14828d6364bc0e76","type":"DEFAULT_SITE"}]}
[debug] [2022-10-28T17:16:34.649Z] >>> [apiv2][query] GET https://firebase.googleapis.com/v1beta1/projects/e-comm-site-jozebel/webApps/1:128249955523:web:75a55a14828d6364bc0e76/config [none]
[debug] [2022-10-28T17:16:35.505Z] <<< [apiv2][status] GET https://firebase.googleapis.com/v1beta1/projects/e-comm-site-jozebel/webApps/1:128249955523:web:75a55a14828d6364bc0e76/config 200
[debug] [2022-10-28T17:16:35.505Z] <<< [apiv2][body] GET https://firebase.googleapis.com/v1beta1/projects/e-comm-site-jozebel/webApps/1:128249955523:web:75a55a14828d6364bc0e76/config {"projectId":"e-comm-site-jozebel","appId":"1:128249955523:web:75a55a14828d6364bc0e76","storageBucket":"e-comm-site-jozebel.appspot.com","locationId":"europe-west","apiKey":"AIzaSyBeXuFkRjz-cibWhdtK0IUgJQLaLb8TzYw","authDomain":"e-comm-site-jozebel.firebaseapp.com","messagingSenderId":"128249955523","measurementId":"G-L9PMHLL8P9"}
[debug] [2022-10-28T17:16:35.527Z] >>> [apiv2][query] GET https://firebase.googleapis.com/v1beta1/projects/e-comm-site-jozebel [none]
[debug] [2022-10-28T17:16:35.734Z] <<< [apiv2][status] GET https://firebase.googleapis.com/v1beta1/projects/e-comm-site-jozebel 200
[debug] [2022-10-28T17:16:35.734Z] <<< [apiv2][body] GET https://firebase.googleapis.com/v1beta1/projects/e-comm-site-jozebel {"projectId":"e-comm-site-jozebel","projectNumber":"128249955523","displayName":"E-comm-site-jozebel","name":"projects/e-comm-site-jozebel","resources":{"hostingSite":"e-comm-site-jozebel","storageBucket":"e-comm-site-jozebel.appspot.com","locationId":"europe-west"},"state":"ACTIVE","etag":"1_5daeda79-5e9a-4711-94cb-0805eeffa58d"}
[info] i  hosting[e-comm-site-jozebel]: Serving hosting files from: build {"metadata":{"emulator":{"name":"hosting"},"message":"Serving hosting files from: \u001b[1mbuild\u001b[22m"}}
[info] ✔  hosting[e-comm-site-jozebel]: Local server: http://127.0.0.1:5002 {"metadata":{"emulator":{"name":"hosting"},"message":"Local server: \u001b[4m\u001b[1mhttp://127.0.0.1:5002\u001b[22m\u001b[24m"}}
[debug] [2022-10-28T17:16:35.841Z] Ignoring unsupported arg: auto_download {"metadata":{"emulator":{"name":"ui"},"message":"Ignoring unsupported arg: auto_download"}}
[debug] [2022-10-28T17:16:35.841Z] Ignoring unsupported arg: port {"metadata":{"emulator":{"name":"ui"},"message":"Ignoring unsupported arg: port"}}
[debug] [2022-10-28T17:16:35.841Z] Starting Emulator UI with command {"binary":"node","args":["/Users/josephhardwicke/.cache/firebase/emulators/ui-v1.11.1/server/server.js"],"optionalArgs":[],"joinArgs":false} {"metadata":{"emulator":{"name":"ui"},"message":"Starting Emulator UI with command {\"binary\":\"node\",\"args\":[\"/Users/josephhardwicke/.cache/firebase/emulators/ui-v1.11.1/server/server.js\"],\"optionalArgs\":[],\"joinArgs\":false}"}}
[info] i  ui: Emulator UI logging to ui-debug.log {"metadata":{"emulator":{"name":"ui"},"message":"Emulator UI logging to \u001b[1mui-debug.log\u001b[22m"}}
[debug] [2022-10-28T17:16:35.956Z] Web / API server started at 127.0.0.1:4000
 {"metadata":{"emulator":{"name":"ui"},"message":"Web / API server started at 127.0.0.1:4000\n"}}
[debug] [2022-10-28T17:16:35.957Z] Web / API server started at ::1:4000
 {"metadata":{"emulator":{"name":"ui"},"message":"Web / API server started at ::1:4000\n"}}
[info] i  functions: Watching "/Users/josephhardwicke/Desktop/E-Comm-Site/e-comm-site/functions" for Cloud Functions... {"metadata":{"emulator":{"name":"functions"},"message":"Watching \"/Users/josephhardwicke/Desktop/E-Comm-Site/e-comm-site/functions\" for Cloud Functions..."}}
[debug] [2022-10-28T17:16:36.110Z] Validating nodejs source
[debug] [2022-10-28T17:16:37.142Z] > [functions] package.json contents: {
  "name": "functions",
  "description": "Cloud Functions for Firebase",
  "scripts": {
    "lint": "eslint .",
    "serve": "firebase emulators:start --only functions",
    "shell": "firebase functions:shell",
    "start": "npm run shell",
    "deploy": "firebase deploy --only functions",
    "logs": "firebase functions:log"
  },
  "engines": {
    "node": "16"
  },
  "main": "index.js",
  "dependencies": {
    "cors": "^2.8.5",
    "express": "^4.18.2",
    "firebase-admin": "^10.0.2",
    "firebase-functions": "^4.0.1",
    "stripe": "^10.15.0"
  },
  "devDependencies": {
    "eslint": "^8.9.0",
    "eslint-config-google": "^0.14.0",
    "firebase-functions-test": "^0.2.0"
  },
  "private": true
}
[debug] [2022-10-28T17:16:37.143Z] Building nodejs source
[debug] [2022-10-28T17:16:37.143Z] Analyzing nodejs backend spec
[debug] [2022-10-28T17:16:37.145Z] Could not find functions.yaml. Must use http discovery
[debug] [2022-10-28T17:16:37.573Z] Serving at port 9005

[debug] [2022-10-28T17:16:37.868Z] Got response from /__/functions.yaml {"endpoints":{"api":{"platform":"gcfv1","availableMemoryMb":null,"timeoutSeconds":null,"minInstances":null,"maxInstances":null,"ingressSettings":null,"serviceAccountEmail":null,"vpc":null,"httpsTrigger":{},"entryPoint":"api"}},"specVersion":"v1alpha1","requiredAPIs":[]}
[debug] [2022-10-28T17:16:37.873Z] shutdown requested via /__/quitquitquit

[info] ✔  functions: Loaded functions definitions from source: api. {"metadata":{"emulator":{"name":"functions"},"message":"Loaded functions definitions from source: api."}}
[info] ✔  functions[us-central1-api]: http function initialized (http://127.0.0.1:5001/e-comm-site-jozebel/us-central1/api). {"metadata":{"emulator":{"name":"functions"},"message":"\u001b[1mhttp\u001b[22m function initialized (http://127.0.0.1:5001/e-comm-site-jozebel/us-central1/api)."}}
[info] 
┌─────────────────────────────────────────────────────────────┐
│ ✔  All emulators ready! It is now safe to connect your app. │
│ i  View Emulator UI at http://127.0.0.1:4000/               │
└─────────────────────────────────────────────────────────────┘

┌───────────┬────────────────┬─────────────────────────────────┐
│ Emulator  │ Host:Port      │ View in Emulator UI             │
├───────────┼────────────────┼─────────────────────────────────┤
│ Functions │ 127.0.0.1:5001 │ http://127.0.0.1:4000/functions │
├───────────┼────────────────┼─────────────────────────────────┤
│ Hosting   │ 127.0.0.1:5002 │ n/a                             │
└───────────┴────────────────┴─────────────────────────────────┘
  Emulator Hub running at 127.0.0.1:4400
  Other reserved ports: 4500

Issues? Report them at https://github.com/firebase/firebase-tools/issues and attach the *-debug.log files.
 
[debug] [2022-10-28T17:21:17.260Z] File /Users/josephhardwicke/Desktop/E-Comm-Site/e-comm-site/functions/index.js changed, reloading triggers {"metadata":{"emulator":{"name":"functions"},"message":"File /Users/josephhardwicke/Desktop/E-Comm-Site/e-comm-site/functions/index.js changed, reloading triggers"}}
[debug] [2022-10-28T17:21:18.263Z] Validating nodejs source
[debug] [2022-10-28T17:21:19.746Z] > [functions] package.json contents: {
  "name": "functions",
  "description": "Cloud Functions for Firebase",
  "scripts": {
    "lint": "eslint .",
    "serve": "firebase emulators:start --only functions",
    "shell": "firebase functions:shell",
    "start": "npm run shell",
    "deploy": "firebase deploy --only functions",
    "logs": "firebase functions:log"
  },
  "engines": {
    "node": "16"
  },
  "main": "index.js",
  "dependencies": {
    "cors": "^2.8.5",
    "express": "^4.18.2",
    "firebase-admin": "^10.0.2",
    "firebase-functions": "^4.0.1",
    "stripe": "^10.15.0"
  },
  "devDependencies": {
    "eslint": "^8.9.0",
    "eslint-config-google": "^0.14.0",
    "firebase-functions-test": "^0.2.0"
  },
  "private": true
}
[debug] [2022-10-28T17:21:19.747Z] Building nodejs source
[debug] [2022-10-28T17:21:19.747Z] Analyzing nodejs backend spec
[debug] [2022-10-28T17:21:19.748Z] Could not find functions.yaml. Must use http discovery
[debug] [2022-10-28T17:21:19.957Z] Serving at port 9005

[debug] [2022-10-28T17:21:20.273Z] Got response from /__/functions.yaml {"endpoints":{"api":{"platform":"gcfv1","availableMemoryMb":null,"timeoutSeconds":null,"minInstances":null,"maxInstances":null,"ingressSettings":null,"serviceAccountEmail":null,"vpc":null,"httpsTrigger":{},"entryPoint":"api"}},"specVersion":"v1alpha1","requiredAPIs":[]}
[debug] [2022-10-28T17:21:20.278Z] shutdown requested via /__/quitquitquit

[info] ✔  functions: Loaded functions definitions from source: api. {"metadata":{"emulator":{"name":"functions"},"message":"Loaded functions definitions from source: api."}}
[debug] [2022-10-28T17:27:52.035Z] [work-queue] {"queueLength":1,"workRunningCount":0}
[debug] [2022-10-28T17:27:52.035Z] [work-queue] {"queueLength":0,"workRunningCount":1}
[debug] [2022-10-28T17:27:52.036Z] Accepted request POST /e-comm-site-jozebel/us-central1/api/payments/create?total=2392 --> us-central1-api
[debug] [2022-10-28T17:27:52.041Z] [functions] Runtime ready! Sending request! {"metadata":{"emulator":{"name":"functions"},"message":"[functions] Runtime ready! Sending request!"}}
[debug] [2022-10-28T17:27:52.042Z] [functions] Got req.url=/e-comm-site-jozebel/us-central1/api/payments/create?total=2392, mapping to path=/payments/create?total=2392 {"metadata":{"emulator":{"name":"functions"},"message":"[functions] Got req.url=/e-comm-site-jozebel/us-central1/api/payments/create?total=2392, mapping to path=/payments/create?total=2392"}}
[debug] [2022-10-28T17:27:52.056Z] [worker-pool] addWorker(us-central1-api) {"metadata":{"emulator":{"name":"functions"},"message":"[worker-pool] addWorker(us-central1-api)"}}
[debug] [2022-10-28T17:27:52.057Z] [worker-pool] Adding worker with key us-central1-api, total=1 {"metadata":{"emulator":{"name":"functions"},"message":"[worker-pool] Adding worker with key us-central1-api, total=1"}}
[debug] [2022-10-28T17:27:52.061Z] [work-queue] {"queueLength":1,"workRunningCount":1}
[debug] [2022-10-28T17:27:52.062Z] [work-queue] {"queueLength":0,"workRunningCount":2}
[debug] [2022-10-28T17:27:52.062Z] Accepted request POST /e-comm-site-jozebel/us-central1/api/payments/create?total=2392 --> us-central1-api
[debug] [2022-10-28T17:27:52.064Z] [functions] Runtime ready! Sending request! {"metadata":{"emulator":{"name":"functions"},"message":"[functions] Runtime ready! Sending request!"}}
[debug] [2022-10-28T17:27:52.064Z] [functions] Got req.url=/e-comm-site-jozebel/us-central1/api/payments/create?total=2392, mapping to path=/payments/create?total=2392 {"metadata":{"emulator":{"name":"functions"},"message":"[functions] Got req.url=/e-comm-site-jozebel/us-central1/api/payments/create?total=2392, mapping to path=/payments/create?total=2392"}}
[debug] [2022-10-28T17:27:52.065Z] [worker-pool] submitRequest(triggerId=us-central1-api) {"metadata":{"emulator":{"name":"functions"},"message":"[worker-pool] submitRequest(triggerId=us-central1-api)"}}
[debug] [2022-10-28T17:27:52.065Z] [worker-us-central1-api-1d083e3b-d8ab-4baf-92b6-7bebf359c7fa]: BUSY {"metadata":{"emulator":{"name":"functions"},"message":"[worker-us-central1-api-1d083e3b-d8ab-4baf-92b6-7bebf359c7fa]: BUSY"}}
[debug] [2022-10-28T17:27:52.067Z] [work-queue] {"queueLength":0,"workRunningCount":1}
[debug] [2022-10-28T17:27:52.069Z] [worker-us-central1-api-1d083e3b-d8ab-4baf-92b6-7bebf359c7fa]: exited {"metadata":{"emulator":{"name":"functions"},"message":"[worker-us-central1-api-1d083e3b-d8ab-4baf-92b6-7bebf359c7fa]: exited"}}
[debug] [2022-10-28T17:27:52.069Z] [worker-us-central1-api-1d083e3b-d8ab-4baf-92b6-7bebf359c7fa]: FINISHED {"metadata":{"emulator":{"name":"functions"},"message":"[worker-us-central1-api-1d083e3b-d8ab-4baf-92b6-7bebf359c7fa]: FINISHED"}}
[debug] FirebaseError: Failed to load function.
    at Timeout._onTimeout (/usr/local/lib/node_modules/firebase-tools/lib/emulator/functionsRuntimeWorker.js:152:24)
    at listOnTimeout (node:internal/timers:559:17)
    at processTimers (node:internal/timers:502:7) {"metadata":{"emulator":{"name":"functions"},"message":{"name":"FirebaseError","children":[],"exit":1,"message":"Failed to load function.","status":500}}}
[debug] [2022-10-28T17:28:22.085Z] [work-queue] {"queueLength":0,"workRunningCount":0}
[debug] [2022-10-28T17:28:35.514Z] [work-queue] {"queueLength":1,"workRunningCount":0}
[debug] [2022-10-28T17:28:35.514Z] [work-queue] {"queueLength":0,"workRunningCount":1}
[debug] [2022-10-28T17:28:35.514Z] Accepted request POST /e-comm-site-jozebel/us-central1/api/payments/create?total=0 --> us-central1-api
[debug] [2022-10-28T17:28:35.517Z] [functions] Runtime ready! Sending request! {"metadata":{"emulator":{"name":"functions"},"message":"[functions] Runtime ready! Sending request!"}}
[debug] [2022-10-28T17:28:35.517Z] [functions] Got req.url=/e-comm-site-jozebel/us-central1/api/payments/create?total=0, mapping to path=/payments/create?total=0 {"metadata":{"emulator":{"name":"functions"},"message":"[functions] Got req.url=/e-comm-site-jozebel/us-central1/api/payments/create?total=0, mapping to path=/payments/create?total=0"}}
[debug] [2022-10-28T17:28:35.517Z] [worker-pool] Cleaned up workers for us-central1-api: 1 --> 0 {"metadata":{"emulator":{"name":"functions"},"message":"[worker-pool] Cleaned up workers for us-central1-api: 1 --> 0"}}
[debug] [2022-10-28T17:28:35.524Z] [worker-pool] addWorker(us-central1-api) {"metadata":{"emulator":{"name":"functions"},"message":"[worker-pool] addWorker(us-central1-api)"}}
[debug] [2022-10-28T17:28:35.525Z] [worker-pool] Adding worker with key us-central1-api, total=1 {"metadata":{"emulator":{"name":"functions"},"message":"[worker-pool] Adding worker with key us-central1-api, total=1"}}
[debug] [2022-10-28T17:28:35.527Z] [work-queue] {"queueLength":1,"workRunningCount":1}
[debug] [2022-10-28T17:28:35.527Z] [work-queue] {"queueLength":0,"workRunningCount":2}
[debug] [2022-10-28T17:28:35.527Z] Accepted request POST /e-comm-site-jozebel/us-central1/api/payments/create?total=0 --> us-central1-api
[debug] [2022-10-28T17:28:35.529Z] [functions] Runtime ready! Sending request! {"metadata":{"emulator":{"name":"functions"},"message":"[functions] Runtime ready! Sending request!"}}
[debug] [2022-10-28T17:28:35.530Z] [functions] Got req.url=/e-comm-site-jozebel/us-central1/api/payments/create?total=0, mapping to path=/payments/create?total=0 {"metadata":{"emulator":{"name":"functions"},"message":"[functions] Got req.url=/e-comm-site-jozebel/us-central1/api/payments/create?total=0, mapping to path=/payments/create?total=0"}}
[debug] [2022-10-28T17:28:35.530Z] [worker-pool] submitRequest(triggerId=us-central1-api) {"metadata":{"emulator":{"name":"functions"},"message":"[worker-pool] submitRequest(triggerId=us-central1-api)"}}
[debug] [2022-10-28T17:28:35.530Z] [worker-us-central1-api-74816540-b992-4e98-aae7-5ff18bd540da]: BUSY {"metadata":{"emulator":{"name":"functions"},"message":"[worker-us-central1-api-74816540-b992-4e98-aae7-5ff18bd540da]: BUSY"}}
[debug] [2022-10-28T17:28:35.531Z] [work-queue] {"queueLength":0,"workRunningCount":1}
[debug] [2022-10-28T17:28:35.532Z] [worker-us-central1-api-74816540-b992-4e98-aae7-5ff18bd540da]: exited {"metadata":{"emulator":{"name":"functions"},"message":"[worker-us-central1-api-74816540-b992-4e98-aae7-5ff18bd540da]: exited"}}
[debug] [2022-10-28T17:28:35.532Z] [worker-us-central1-api-74816540-b992-4e98-aae7-5ff18bd540da]: FINISHED {"metadata":{"emulator":{"name":"functions"},"message":"[worker-us-central1-api-74816540-b992-4e98-aae7-5ff18bd540da]: FINISHED"}}
[debug] FirebaseError: Failed to load function.
    at Timeout._onTimeout (/usr/local/lib/node_modules/firebase-tools/lib/emulator/functionsRuntimeWorker.js:152:24)
    at listOnTimeout (node:internal/timers:559:17)
    at processTimers (node:internal/timers:502:7) {"metadata":{"emulator":{"name":"functions"},"message":{"name":"FirebaseError","children":[],"exit":1,"message":"Failed to load function.","status":500}}}
[debug] [2022-10-28T17:29:05.552Z] [work-queue] {"queueLength":0,"workRunningCount":0}
[debug] [2022-10-28T17:30:12.287Z] [work-queue] {"queueLength":1,"workRunningCount":0}
[debug] [2022-10-28T17:30:12.288Z] [work-queue] {"queueLength":0,"workRunningCount":1}
[debug] [2022-10-28T17:30:12.288Z] Accepted request POST /e-comm-site-jozebel/us-central1/api/payments/create?total=0 --> us-central1-api
[debug] [2022-10-28T17:30:12.290Z] [functions] Runtime ready! Sending request! {"metadata":{"emulator":{"name":"functions"},"message":"[functions] Runtime ready! Sending request!"}}
[debug] [2022-10-28T17:30:12.290Z] [functions] Got req.url=/e-comm-site-jozebel/us-central1/api/payments/create?total=0, mapping to path=/payments/create?total=0 {"metadata":{"emulator":{"name":"functions"},"message":"[functions] Got req.url=/e-comm-site-jozebel/us-central1/api/payments/create?total=0, mapping to path=/payments/create?total=0"}}
[debug] [2022-10-28T17:30:12.290Z] [worker-pool] Cleaned up workers for us-central1-api: 1 --> 0 {"metadata":{"emulator":{"name":"functions"},"message":"[worker-pool] Cleaned up workers for us-central1-api: 1 --> 0"}}
[debug] [2022-10-28T17:30:12.296Z] [worker-pool] addWorker(us-central1-api) {"metadata":{"emulator":{"name":"functions"},"message":"[worker-pool] addWorker(us-central1-api)"}}
[debug] [2022-10-28T17:30:12.297Z] [worker-pool] Adding worker with key us-central1-api, total=1 {"metadata":{"emulator":{"name":"functions"},"message":"[worker-pool] Adding worker with key us-central1-api, total=1"}}
[debug] [2022-10-28T17:30:12.299Z] [work-queue] {"queueLength":1,"workRunningCount":1}
[debug] [2022-10-28T17:30:12.300Z] [work-queue] {"queueLength":0,"workRunningCount":2}
[debug] [2022-10-28T17:30:12.300Z] Accepted request POST /e-comm-site-jozebel/us-central1/api/payments/create?total=0 --> us-central1-api
[debug] [2022-10-28T17:30:12.302Z] [functions] Runtime ready! Sending request! {"metadata":{"emulator":{"name":"functions"},"message":"[functions] Runtime ready! Sending request!"}}
[debug] [2022-10-28T17:30:12.302Z] [functions] Got req.url=/e-comm-site-jozebel/us-central1/api/payments/create?total=0, mapping to path=/payments/create?total=0 {"metadata":{"emulator":{"name":"functions"},"message":"[functions] Got req.url=/e-comm-site-jozebel/us-central1/api/payments/create?total=0, mapping to path=/payments/create?total=0"}}
[debug] [2022-10-28T17:30:12.302Z] [worker-pool] submitRequest(triggerId=us-central1-api) {"metadata":{"emulator":{"name":"functions"},"message":"[worker-pool] submitRequest(triggerId=us-central1-api)"}}
[debug] [2022-10-28T17:30:12.302Z] [worker-us-central1-api-0397c459-3709-47ba-a188-e43be996f1ed]: BUSY {"metadata":{"emulator":{"name":"functions"},"message":"[worker-us-central1-api-0397c459-3709-47ba-a188-e43be996f1ed]: BUSY"}}
[debug] [2022-10-28T17:30:12.303Z] [work-queue] {"queueLength":0,"workRunningCount":1}
[debug] [2022-10-28T17:30:12.304Z] [worker-us-central1-api-0397c459-3709-47ba-a188-e43be996f1ed]: exited {"metadata":{"emulator":{"name":"functions"},"message":"[worker-us-central1-api-0397c459-3709-47ba-a188-e43be996f1ed]: exited"}}
[debug] [2022-10-28T17:30:12.304Z] [worker-us-central1-api-0397c459-3709-47ba-a188-e43be996f1ed]: FINISHED {"metadata":{"emulator":{"name":"functions"},"message":"[worker-us-central1-api-0397c459-3709-47ba-a188-e43be996f1ed]: FINISHED"}}
[debug] FirebaseError: Failed to load function.
    at Timeout._onTimeout (/usr/local/lib/node_modules/firebase-tools/lib/emulator/functionsRuntimeWorker.js:152:24)
    at listOnTimeout (node:internal/timers:559:17)
    at processTimers (node:internal/timers:502:7) {"metadata":{"emulator":{"name":"functions"},"message":{"name":"FirebaseError","children":[],"exit":1,"message":"Failed to load function.","status":500}}}
[debug] [2022-10-28T17:30:42.373Z] [work-queue] {"queueLength":0,"workRunningCount":0}
[debug] [2022-10-28T22:14:43.244Z] [work-queue] {"queueLength":1,"workRunningCount":0}
[debug] [2022-10-28T22:14:43.254Z] [work-queue] {"queueLength":0,"workRunningCount":1}
[debug] [2022-10-28T22:14:43.254Z] Accepted request POST /e-comm-site-jozebel/us-central1/api/payments/create?total=23900 --> us-central1-api
[debug] [2022-10-28T22:14:43.272Z] [functions] Runtime ready! Sending request! {"metadata":{"emulator":{"name":"functions"},"message":"[functions] Runtime ready! Sending request!"}}
[debug] [2022-10-28T22:14:43.272Z] [functions] Got req.url=/e-comm-site-jozebel/us-central1/api/payments/create?total=23900, mapping to path=/payments/create?total=23900 {"metadata":{"emulator":{"name":"functions"},"message":"[functions] Got req.url=/e-comm-site-jozebel/us-central1/api/payments/create?total=23900, mapping to path=/payments/create?total=23900"}}
[debug] [2022-10-28T22:14:43.273Z] [worker-pool] Cleaned up workers for us-central1-api: 1 --> 0 {"metadata":{"emulator":{"name":"functions"},"message":"[worker-pool] Cleaned up workers for us-central1-api: 1 --> 0"}}
[debug] [2022-10-28T22:14:43.284Z] [worker-pool] addWorker(us-central1-api) {"metadata":{"emulator":{"name":"functions"},"message":"[worker-pool] addWorker(us-central1-api)"}}
[debug] [2022-10-28T22:14:43.285Z] [worker-pool] Adding worker with key us-central1-api, total=1 {"metadata":{"emulator":{"name":"functions"},"message":"[worker-pool] Adding worker with key us-central1-api, total=1"}}
[debug] [2022-10-28T22:14:43.289Z] [work-queue] {"queueLength":1,"workRunningCount":1}
[debug] [2022-10-28T22:14:43.289Z] [work-queue] {"queueLength":0,"workRunningCount":2}
[debug] [2022-10-28T22:14:43.289Z] Accepted request POST /e-comm-site-jozebel/us-central1/api/payments/create?total=23900 --> us-central1-api
[debug] [2022-10-28T22:14:43.291Z] [functions] Runtime ready! Sending request! {"metadata":{"emulator":{"name":"functions"},"message":"[functions] Runtime ready! Sending request!"}}
[debug] [2022-10-28T22:14:43.291Z] [functions] Got req.url=/e-comm-site-jozebel/us-central1/api/payments/create?total=23900, mapping to path=/payments/create?total=23900 {"metadata":{"emulator":{"name":"functions"},"message":"[functions] Got req.url=/e-comm-site-jozebel/us-central1/api/payments/create?total=23900, mapping to path=/payments/create?total=23900"}}
[debug] [2022-10-28T22:14:43.292Z] [worker-pool] submitRequest(triggerId=us-central1-api) {"metadata":{"emulator":{"name":"functions"},"message":"[worker-pool] submitRequest(triggerId=us-central1-api)"}}
[debug] [2022-10-28T22:14:43.292Z] [worker-us-central1-api-3ff180f7-e778-4a9b-afe6-23623a33d41a]: BUSY {"metadata":{"emulator":{"name":"functions"},"message":"[worker-us-central1-api-3ff180f7-e778-4a9b-afe6-23623a33d41a]: BUSY"}}
[debug] [2022-10-28T22:14:43.293Z] [work-queue] {"queueLength":0,"workRunningCount":1}
[debug] [2022-10-28T22:14:43.294Z] [worker-us-central1-api-3ff180f7-e778-4a9b-afe6-23623a33d41a]: exited {"metadata":{"emulator":{"name":"functions"},"message":"[worker-us-central1-api-3ff180f7-e778-4a9b-afe6-23623a33d41a]: exited"}}
[debug] [2022-10-28T22:14:43.294Z] [worker-us-central1-api-3ff180f7-e778-4a9b-afe6-23623a33d41a]: FINISHED {"metadata":{"emulator":{"name":"functions"},"message":"[worker-us-central1-api-3ff180f7-e778-4a9b-afe6-23623a33d41a]: FINISHED"}}
[debug] FirebaseError: Failed to load function.
    at Timeout._onTimeout (/usr/local/lib/node_modules/firebase-tools/lib/emulator/functionsRuntimeWorker.js:152:24)
    at listOnTimeout (node:internal/timers:559:17)
    at processTimers (node:internal/timers:502:7) {"metadata":{"emulator":{"name":"functions"},"message":{"name":"FirebaseError","children":[],"exit":1,"message":"Failed to load function.","status":500}}}
[debug] [2022-10-28T22:15:13.324Z] [work-queue] {"queueLength":0,"workRunningCount":0}
